# JRE version: Java(TM) SE Runtime Environment 18.9 (11.0.11+9) (build 11.0.11+9-LTS-194)
# Java VM: Java HotSpot(TM) 64-Bit Server VM 18.9 (11.0.11+9-LTS-194, mixed mode, tiered, compressed oops, g1 gc, windows-amd64)
Heap:
 garbage-first heap   total 196608K, used 5636K [0x0000000741a00000, 0x0000000800000000)
  region size 1024K, 1 young (1024K), 1 survivors (1024K)
 Metaspace       used 14882K, capacity 15309K, committed 15360K, reserved 1077248K
  class space    used 1595K, capacity 1747K, committed 1792K, reserved 1048576K
GC Heap History (6 events):
Event: 1.453 GC heap before
{Heap before GC invocations=0 (full 0):
 garbage-first heap   total 196608K, used 23552K [0x0000000741a00000, 0x0000000800000000)
  region size 1024K, 24 young (24576K), 0 survivors (0K)
 Metaspace       used 14184K, capacity 14605K, committed 14720K, reserved 1062912K
  class space    used 1479K, capacity 1593K, committed 1664K, reserved 1048576K
}
Event: 1.461 GC heap after
{Heap after GC invocations=1 (full 0):
 garbage-first heap   total 196608K, used 5238K [0x0000000741a00000, 0x0000000800000000)
  region size 1024K, 3 young (3072K), 3 survivors (3072K)
 Metaspace       used 14184K, capacity 14605K, committed 14720K, reserved 1062912K
  class space    used 1479K, capacity 1593K, committed 1664K, reserved 1048576K
}
Event: 1.521 GC heap before
{Heap before GC invocations=1 (full 0):
 garbage-first heap   total 196608K, used 8310K [0x0000000741a00000, 0x0000000800000000)
  region size 1024K, 7 young (7168K), 3 survivors (3072K)
 Metaspace       used 14586K, capacity 14959K, committed 15104K, reserved 1069056K
  class space    used 1537K, capacity 1669K, committed 1792K, reserved 1048576K
}
Event: 1.525 GC heap after
{Heap after GC invocations=2 (full 0):
 garbage-first heap   total 196608K, used 5745K [0x0000000741a00000, 0x0000000800000000)
  region size 1024K, 4 young (4096K), 4 survivors (4096K)
 Metaspace       used 14586K, capacity 14959K, committed 15104K, reserved 1069056K
  class space    used 1537K, capacity 1669K, committed 1792K, reserved 1048576K
}
Event: 1.572 GC heap before
{Heap before GC invocations=3 (full 0):
 garbage-first heap   total 196608K, used 7793K [0x0000000741a00000, 0x0000000800000000)
  region size 1024K, 7 young (7168K), 4 survivors (4096K)
 Metaspace       used 14882K, capacity 15309K, committed 15360K, reserved 1075200K
  class space    used 1595K, capacity 1747K, committed 1792K, reserved 1048576K
}
Event: 1.577 GC heap after
{Heap after GC invocations=4 (full 0):
 garbage-first heap   total 196608K, used 5636K [0x0000000741a00000, 0x0000000800000000)
  region size 1024K, 1 young (1024K), 1 survivors (1024K)
 Metaspace       used 14882K, capacity 15309K, committed 15360K, reserved 1075200K
  class space    used 1595K, capacity 1747K, committed 1792K, reserved 1048576K
}

